1595801196362	mozrunner::runner	INFO	Running command: "C:\\Program Files\\Mozilla Firefox\\firefox.exe" "-marionette" "-foreground" "-no-remote" "-profile" "C:\\Users\\jeffe\\AppData\\Local\\Temp\\rust_mozprofilejMAq4k"
JavaScript error: resource://gre/modules/XULStore.jsm, line 66: Error: Can't find profile directory.
console.error: Region.jsm: "Failed to fetch region" (new TypeError("NetworkError when attempting to fetch resource.", ""))
console.warn: services.settings: main/cfr sync interrupted by shutdown

###!!! [Child][RunMessage] Error: Channel closing: too late to send/recv, messages will be lost


###!!! [Child][MessageChannel::SendAndWait] Error: Channel error: cannot send/recv

1595801211612	mozrunner::runner	INFO	Running command: "C:\\Program Files\\Mozilla Firefox\\firefox.exe" "-marionette" "-foreground" "-no-remote" "-profile" "C:\\Users\\jeffe\\AppData\\Local\\Temp\\rust_mozprofilekSMJid"
JavaScript error: resource://gre/modules/XULStore.jsm, line 66: Error: Can't find profile directory.
1595801216717	Marionette	INFO	Listening on port 49867
1595801216868	Marionette	WARN	TLS certificate errors will be ignored for this session
1595801234240	Marionette	INFO	Stopped listening on port 49867

###!!! [Child][RunMessage] Error: Channel closing: too late to send/recv, messages will be lost


###!!! [Child][MessageChannel::SendAndWait] Error: Channel error: cannot send/recv

1596164479028	mozrunner::runner	INFO	Running command: "C:\\Program Files\\Mozilla Firefox\\firefox.exe" "-marionette" "-foreground" "-no-remote" "-profile" "C:\\Users\\jeffe\\AppData\\Local\\Temp\\rust_mozprofilew0JH74"
JavaScript error: resource://gre/modules/XULStore.jsm, line 66: Error: Can't find profile directory.
1596164485540	Marionette	INFO	Listening on port 52590
1596164486015	Marionette	WARN	TLS certificate errors will be ignored for this session
1596164503481	Marionette	INFO	Stopped listening on port 52590

###!!! [Child][RunMessage] Error: Channel closing: too late to send/recv, messages will be lost


###!!! [Child][MessageChannel::SendAndWait] Error: Channel error: cannot send/recv

1596164542317	mozrunner::runner	INFO	Running command: "C:\\Program Files\\Mozilla Firefox\\firefox.exe" "-marionette" "-foreground" "-no-remote" "-profile" "C:\\Users\\jeffe\\AppData\\Local\\Temp\\rust_mozprofileBoNTYf"
JavaScript error: resource://gre/modules/XULStore.jsm, line 66: Error: Can't find profile directory.
1596164545883	Marionette	INFO	Listening on port 52657
1596164545942	Marionette	WARN	TLS certificate errors will be ignored for this session
1596164578071	Marionette	INFO	Stopped listening on port 52657

###!!! [Child][RunMessage] Error: Channel closing: too late to send/recv, messages will be lost


###!!! [Child][MessageChannel::SendAndWait] Error: Channel error: cannot send/recv

1596165369000	mozrunner::runner	INFO	Running command: "C:\\Program Files\\Mozilla Firefox\\firefox.exe" "-marionette" "-foreground" "-no-remote" "-profile" "C:\\Users\\jeffe\\AppData\\Local\\Temp\\rust_mozprofileMqhGPn"
JavaScript error: resource://gre/modules/XULStore.jsm, line 66: Error: Can't find profile directory.
1596165379052	Marionette	INFO	Listening on port 53247
1596165379192	Marionette	WARN	TLS certificate errors will be ignored for this session
1596166739764	Marionette	INFO	Stopped listening on port 53247
1596167448061	mozrunner::runner	INFO	Running command: "C:\\Program Files\\Mozilla Firefox\\firefox.exe" "-marionette" "-foreground" "-no-remote" "-profile" "C:\\Users\\jeffe\\AppData\\Local\\Temp\\rust_mozprofile8U15hW"
JavaScript error: resource://gre/modules/XULStore.jsm, line 66: Error: Can't find profile directory.
1596167455439	Marionette	INFO	Listening on port 53641
1596167455914	Marionette	WARN	TLS certificate errors will be ignored for this session
1596167477809	Marionette	INFO	Stopped listening on port 53641

###!!! [Child][RunMessage] Error: Channel closing: too late to send/recv, messages will be lost


###!!! [Child][MessageChannel::SendAndWait] Error: Channel error: cannot send/recv

1596167604491	mozrunner::runner	INFO	Running command: "C:\\Program Files\\Mozilla Firefox\\firefox.exe" "-marionette" "-foreground" "-no-remote" "-profile" "C:\\Users\\jeffe\\AppData\\Local\\Temp\\rust_mozprofileYQG6fe"
JavaScript error: resource://gre/modules/XULStore.jsm, line 66: Error: Can't find profile directory.
1596167613186	Marionette	INFO	Listening on port 54161
1596167613509	Marionette	WARN	TLS certificate errors will be ignored for this session
1596167653962	Marionette	INFO	Stopped listening on port 54161

###!!! [Child][RunMessage] Error: Channel closing: too late to send/recv, messages will be lost


###!!! [Child][MessageChannel::SendAndWait] Error: Channel error: cannot send/recv

1596167782648	mozrunner::runner	INFO	Running command: "C:\\Program Files\\Mozilla Firefox\\firefox.exe" "-marionette" "-foreground" "-no-remote" "-profile" "C:\\Users\\jeffe\\AppData\\Local\\Temp\\rust_mozprofileaBYF14"
JavaScript error: resource://gre/modules/XULStore.jsm, line 66: Error: Can't find profile directory.
1596167789665	Marionette	INFO	Listening on port 54385
1596167790018	Marionette	WARN	TLS certificate errors will be ignored for this session
1596167807685	Marionette	INFO	Stopped listening on port 54385

###!!! [Child][RunMessage] Error: Channel closing: too late to send/recv, messages will be lost


###!!! [Child][MessageChannel::SendAndWait] Error: Channel error: cannot send/recv

1596168079115	mozrunner::runner	INFO	Running command: "C:\\Program Files\\Mozilla Firefox\\firefox.exe" "-marionette" "-foreground" "-no-remote" "-profile" "C:\\Users\\jeffe\\AppData\\Local\\Temp\\rust_mozprofileBguyeK"
JavaScript error: resource://gre/modules/XULStore.jsm, line 66: Error: Can't find profile directory.
1596168084932	Marionette	INFO	Listening on port 54709
1596168085372	Marionette	WARN	TLS certificate errors will be ignored for this session
1596168102691	Marionette	WARN	TimedPromise timed out after 500 ms: stacktrace:
TimedPromise/<@chrome://marionette/content/sync.js:245:13
TimedPromise@chrome://marionette/content/sync.js:230:10
interaction.flushEventLoop@chrome://marionette/content/interaction.js:416:10
webdriverClickElement@chrome://marionette/content/interaction.js:182:31
1596168104041	Marionette	WARN	TimedPromise timed out after 500 ms: stacktrace:
TimedPromise/<@chrome://marionette/content/sync.js:245:13
TimedPromise@chrome://marionette/content/sync.js:230:10
interaction.flushEventLoop@chrome://marionette/content/interaction.js:416:10
webdriverClickElement@chrome://marionette/content/interaction.js:182:31
1596168104260	Marionette	INFO	Stopped listening on port 54709

###!!! [Child][RunMessage] Error: Channel closing: too late to send/recv, messages will be lost


###!!! [Child][MessageChannel::SendAndWait] Error: Channel error: cannot send/recv

